<?xml version="1.0" encoding="UTF-8"?>
<testsuite name="com.gkatzioura.spring.security.EncoderTest" time="1.281" tests="4" errors="0" skipped="0" failures="0">
  <properties>
[...]
</properties>
  <testcase name="standardEncoder" classname="com.gkatzioura.spring.security.EncoderTest" time="0.42"/>
  <testcase name="customEncoder" classname="com.gkatzioura.spring.security.EncoderTest" time="0.68"/>
  <testcase name="bcryptEncoder" classname="com.gkatzioura.spring.security.EncoderTest" time="0.177"/>
  <testcase name="md5Encoder" classname="com.gkatzioura.spring.security.EncoderTest" time="0.004"/>
</testsuite>